<?xml version="1.0" encoding="UTF-8"?>
<testsuite xmlns:xsi="http://www.w3.org/2001/XMLSchema-instance" xsi:noNamespaceSchemaLocation="https://maven.apache.org/surefire/maven-surefire-plugin/xsd/surefire-test-report.xsd" version="3.0.2" name="de.nordwind.schulungsplaner.SchulungsApiSmokeTest" time="2.105" tests="1" errors="0" skipped="0" failures="0">
  <properties>
[...]
</properties>
  <testcase name="shouldReturnSchulungenFromSeedData" classname="de.nordwind.schulungsplaner.SchulungsApiSmokeTest" time="0.561">
    <system-out><![CDATA[13:29:09.976 [main] INFO org.springframework.test.context.support.AnnotationConfigContextLoaderUtils -- Could not detect default configuration classes for test class [de.nordwind.schulungsplaner.SchulungsApiSmokeTest]: SchulungsApiSmokeTest does not declare any static, non-private, non-final, nested classes annotated with @Configuration.
13:29:10.031 [main] INFO org.springframework.boot.test.context.SpringBootTestContextBootstrapper -- Found @SpringBootConfiguration de.nordwind.schulungsplaner.SchulungsplanerApplication for test class de.nordwind.schulungsplaner.SchulungsApiSmokeTest

  .   ____          _            __ _ _
 /\\ / ___'_ __ _ _(_)_ __  __ _ \ \ \ \
( ( )\___ | '_ | '_| | '_ \/ _` | \ \ \ \
 \\/  ___)| |_)| | | | | || (_| |  ) ) ) )
  '  |____| .__|_| |_|_| |_\__, | / / / /
 =========|_|==============|___/=/_/_/_/

 :: Spring Boot ::                (v3.5.6)

2026-07-21T13:29:10.268+02:00  INFO 64470 --- [           main] d.n.s.SchulungsApiSmokeTest              : Starting SchulungsApiSmokeTest using Java 26.0.1 with PID 64470 (started by philippe in /Users/philippe/Documents/Projects/assisted-coding/schulungsplaner/backend)
2026-07-21T13:29:10.269+02:00  INFO 64470 --- [           main] d.n.s.SchulungsApiSmokeTest              : No active profile set, falling back to 1 default profile: "default"
2026-07-21T13:29:10.794+02:00  INFO 64470 --- [           main] o.s.b.w.embedded.tomcat.TomcatWebServer  : Tomcat initialized with port 0 (http)
2026-07-21T13:29:10.801+02:00  INFO 64470 --- [           main] o.apache.catalina.core.StandardService   : Starting service [Tomcat]
2026-07-21T13:29:10.802+02:00  INFO 64470 --- [           main] o.apache.catalina.core.StandardEngine    : Starting Servlet engine: [Apache Tomcat/10.1.46]
2026-07-21T13:29:10.820+02:00  INFO 64470 --- [           main] o.a.c.c.C.[Tomcat].[localhost].[/]       : Initializing Spring embedded WebApplicationContext
2026-07-21T13:29:10.820+02:00  INFO 64470 --- [           main] w.s.c.ServletWebServerApplicationContext : Root WebApplicationContext: initialization completed in 545 ms
2026-07-21T13:29:10.879+02:00  INFO 64470 --- [           main] com.zaxxer.hikari.HikariDataSource       : HikariPool-1 - Starting...
2026-07-21T13:29:11.042+02:00  INFO 64470 --- [           main] com.zaxxer.hikari.pool.HikariPool        : HikariPool-1 - Added connection conn0: url=jdbc:h2:mem:schulungsplaner user=SA
2026-07-21T13:29:11.043+02:00  INFO 64470 --- [           main] com.zaxxer.hikari.HikariDataSource       : HikariPool-1 - Start completed.
2026-07-21T13:29:11.224+02:00  INFO 64470 --- [           main] o.s.b.a.h2.H2ConsoleAutoConfiguration    : H2 console available at '/h2-console'. Database available at 'jdbc:h2:mem:schulungsplaner'
2026-07-21T13:29:11.376+02:00  INFO 64470 --- [           main] o.s.b.w.embedded.tomcat.TomcatWebServer  : Tomcat started on port 51733 (http) with context path '/'
2026-07-21T13:29:11.383+02:00  INFO 64470 --- [           main] d.n.s.SchulungsApiSmokeTest              : Started SchulungsApiSmokeTest in 1.28 seconds (process running for 1.781)
2026-07-21T13:29:11.929+02:00  INFO 64470 --- [o-auto-1-exec-1] o.a.c.c.C.[Tomcat].[localhost].[/]       : Initializing Spring DispatcherServlet 'dispatcherServlet'
2026-07-21T13:29:11.929+02:00  INFO 64470 --- [o-auto-1-exec-1] o.s.web.servlet.DispatcherServlet        : Initializing Servlet 'dispatcherServlet'
2026-07-21T13:29:11.930+02:00  INFO 64470 --- [o-auto-1-exec-1] o.s.web.servlet.DispatcherServlet        : Completed initialization in 1 ms
]]></system-out>
    <system-err><![CDATA[Mockito is currently self-attaching to enable the inline-mock-maker. This will no longer work in future releases of the JDK. Please add Mockito as an agent to your build as described in Mockito's documentation: https://javadoc.io/doc/org.mockito/mockito-core/latest/org.mockito/org/mockito/Mockito.html#0.3
WARNING: A Java agent has been loaded dynamically (/Users/philippe/.m2/repository/net/bytebuddy/byte-buddy-agent/1.17.7/byte-buddy-agent-1.17.7.jar)
WARNING: If a serviceability tool is in use, please run with -XX:+EnableDynamicAgentLoading to hide this warning
WARNING: If a serviceability tool is not in use, please run with -Djdk.instrument.traceUsage for more information
WARNING: Dynamic loading of agents will be disallowed by default in a future release
]]></system-err>
  </testcase>
</testsuite>